# JRE version: OpenJDK Runtime Environment (11.0.11+9) (build 11.0.11+9-b60-7590822)
# Java VM: OpenJDK 64-Bit Server VM (11.0.11+9-b60-7590822, mixed mode, tiered, compressed oops, g1 gc, windows-amd64)
Heap:
 garbage-first heap   total 131072K, used 69650K [0x0000000080000000, 0x0000000100000000)
  region size 1024K, 16 young (16384K), 4 survivors (4096K)
 Metaspace       used 73015K, capacity 74760K, committed 74956K, reserved 1114112K
  class space    used 9456K, capacity 10115K, committed 10188K, reserved 1048576K
GC Heap History (20 events):
Event: 7.514 GC heap before
{Heap before GC invocations=5 (full 0):
 garbage-first heap   total 131072K, used 71296K [0x0000000080000000, 0x0000000100000000)
  region size 1024K, 55 young (56320K), 2 survivors (2048K)
 Metaspace       used 26220K, capacity 26860K, committed 27008K, reserved 1073152K
  class space    used 3433K, capacity 3649K, committed 3712K, reserved 1048576K
}
Event: 7.518 GC heap after
{Heap after GC invocations=6 (full 0):
 garbage-first heap   total 131072K, used 19004K [0x0000000080000000, 0x0000000100000000)
  region size 1024K, 4 young (4096K), 4 survivors (4096K)
 Metaspace       used 26220K, capacity 26860K, committed 27008K, reserved 1073152K
  class space    used 3433K, capacity 3649K, committed 3712K, reserved 1048576K
}
Event: 8.726 GC heap before
{Heap before GC invocations=6 (full 0):
 garbage-first heap   total 131072K, used 76348K [0x0000000080000000, 0x0000000100000000)
  region size 1024K, 61 young (62464K), 4 survivors (4096K)
 Metaspace       used 35023K, capacity 35786K, committed 35840K, reserved 1081344K
  class space    used 4557K, capacity 4863K, committed 4864K, reserved 1048576K
}
Event: 8.739 GC heap after
{Heap after GC invocations=7 (full 0):
 garbage-first heap   total 131072K, used 22581K [0x0000000080000000, 0x0000000100000000)
  region size 1024K, 7 young (7168K), 7 survivors (7168K)
 Metaspace       used 35023K, capacity 35786K, committed 35840K, reserved 1081344K
  class space    used 4557K, capacity 4863K, committed 4864K, reserved 1048576K
}
Event: 9.676 GC heap before
{Heap before GC invocations=8 (full 0):
 garbage-first heap   total 131072K, used 95285K [0x0000000080000000, 0x0000000100000000)
  region size 1024K, 76 young (77824K), 7 survivors (7168K)
 Metaspace       used 40230K, capacity 41212K, committed 41420K, reserved 1085440K
  class space    used 5152K, capacity 5472K, committed 5580K, reserved 1048576K
}
Event: 9.690 GC heap after
{Heap after GC invocations=9 (full 0):
 garbage-first heap   total 131072K, used 27900K [0x0000000080000000, 0x0000000100000000)
  region size 1024K, 9 young (9216K), 9 survivors (9216K)
 Metaspace       used 40230K, capacity 41212K, committed 41420K, reserved 1085440K
  class space    used 5152K, capacity 5472K, committed 5580K, reserved 1048576K
}
Event: 10.715 GC heap before
{Heap before GC invocations=9 (full 0):
 garbage-first heap   total 131072K, used 93436K [0x0000000080000000, 0x0000000100000000)
  region size 1024K, 73 young (74752K), 9 survivors (9216K)
 Metaspace       used 45989K, capacity 46984K, committed 47052K, reserved 1089536K
  class space    used 5914K, capacity 6300K, committed 6348K, reserved 1048576K
}
Event: 10.727 GC heap after
{Heap after GC invocations=10 (full 0):
 garbage-first heap   total 131072K, used 29764K [0x0000000080000000, 0x0000000100000000)
  region size 1024K, 3 young (3072K), 3 survivors (3072K)
 Metaspace       used 45989K, capacity 46984K, committed 47052K, reserved 1089536K
  class space    used 5914K, capacity 6300K, committed 6348K, reserved 1048576K
}
Event: 13.288 GC heap before
{Heap before GC invocations=10 (full 0):
 garbage-first heap   total 131072K, used 101444K [0x0000000080000000, 0x0000000100000000)
  region size 1024K, 69 young (70656K), 3 survivors (3072K)
 Metaspace       used 48660K, capacity 49880K, committed 49996K, reserved 1093632K
  class space    used 6217K, capacity 6695K, committed 6732K, reserved 1048576K
}
Event: 13.297 GC heap after
{Heap after GC invocations=11 (full 0):
 garbage-first heap   total 131072K, used 43502K [0x0000000080000000, 0x0000000100000000)
  region size 1024K, 9 young (9216K), 9 survivors (9216K)
 Metaspace       used 48660K, capacity 49880K, committed 49996K, reserved 1093632K
  class space    used 6217K, capacity 6695K, committed 6732K, reserved 1048576K
}
Event: 14.295 GC heap before
{Heap before GC invocations=11 (full 0):
 garbage-first heap   total 131072K, used 98798K [0x0000000080000000, 0x0000000100000000)
  region size 1024K, 63 young (64512K), 9 survivors (9216K)
 Metaspace       used 56603K, capacity 57897K, committed 58188K, reserved 1099776K
  class space    used 7155K, capacity 7640K, committed 7756K, reserved 1048576K
}
Event: 14.305 GC heap after
{Heap after GC invocations=12 (full 0):
 garbage-first heap   total 131072K, used 45829K [0x0000000080000000, 0x0000000100000000)
  region size 1024K, 3 young (3072K), 3 survivors (3072K)
 Metaspace       used 56603K, capacity 57897K, committed 58188K, reserved 1099776K
  class space    used 7155K, capacity 7640K, committed 7756K, reserved 1048576K
}
Event: 14.597 GC heap before
{Heap before GC invocations=12 (full 0):
 garbage-first heap   total 131072K, used 61189K [0x0000000080000000, 0x0000000100000000)
  region size 1024K, 19 young (19456K), 3 survivors (3072K)
 Metaspace       used 58808K, capacity 60199K, committed 60236K, reserved 1101824K
  class space    used 7437K, capacity 7997K, committed 8012K, reserved 1048576K
}
Event: 14.603 GC heap after
{Heap after GC invocations=13 (full 0):
 garbage-first heap   total 131072K, used 46267K [0x0000000080000000, 0x0000000100000000)
  region size 1024K, 3 young (3072K), 3 survivors (3072K)
 Metaspace       used 58808K, capacity 60199K, committed 60236K, reserved 1101824K
  class space    used 7437K, capacity 7997K, committed 8012K, reserved 1048576K
}
Event: 15.625 GC heap before
{Heap before GC invocations=14 (full 0):
 garbage-first heap   total 131072K, used 101563K [0x0000000080000000, 0x0000000100000000)
  region size 1024K, 58 young (59392K), 3 survivors (3072K)
 Metaspace       used 64622K, capacity 66082K, committed 66380K, reserved 1107968K
  class space    used 8170K, capacity 8737K, committed 8780K, reserved 1048576K
}
Event: 15.637 GC heap after
{Heap after GC invocations=15 (full 0):
 garbage-first heap   total 131072K, used 50781K [0x0000000080000000, 0x0000000100000000)
  region size 1024K, 7 young (7168K), 7 survivors (7168K)
 Metaspace       used 64622K, capacity 66082K, committed 66380K, reserved 1107968K
  class space    used 8170K, capacity 8737K, committed 8780K, reserved 1048576K
}
Event: 16.751 GC heap before
{Heap before GC invocations=16 (full 0):
 garbage-first heap   total 131072K, used 104029K [0x0000000080000000, 0x0000000100000000)
  region size 1024K, 59 young (60416K), 7 survivors (7168K)
 Metaspace       used 66890K, capacity 68424K, committed 68556K, reserved 1107968K
  class space    used 8459K, capacity 9042K, committed 9164K, reserved 1048576K
}
Event: 16.763 GC heap after
{Heap after GC invocations=17 (full 0):
 garbage-first heap   total 131072K, used 54610K [0x0000000080000000, 0x0000000100000000)
  region size 1024K, 4 young (4096K), 4 survivors (4096K)
 Metaspace       used 66890K, capacity 68424K, committed 68556K, reserved 1107968K
  class space    used 8459K, capacity 9042K, committed 9164K, reserved 1048576K
}
Event: 18.018 GC heap before
{Heap before GC invocations=17 (full 0):
 garbage-first heap   total 131072K, used 104786K [0x0000000080000000, 0x0000000100000000)
  region size 1024K, 53 young (54272K), 4 survivors (4096K)
 Metaspace       used 72238K, capacity 73860K, committed 74060K, reserved 1114112K
  class space    used 9346K, capacity 9970K, committed 10060K, reserved 1048576K
}
Event: 18.031 GC heap after
{Heap after GC invocations=18 (full 0):
 garbage-first heap   total 131072K, used 58386K [0x0000000080000000, 0x0000000100000000)
  region size 1024K, 4 young (4096K), 4 survivors (4096K)
 Metaspace       used 72238K, capacity 73860K, committed 74060K, reserved 1114112K
  class space    used 9346K, capacity 9970K, committed 10060K, reserved 1048576K
}

